<?xml version="1.0" encoding="utf-8"?><testsuite errors="0" failures="0" name="sphinx-gallery" skipped="0" tests="103" time="1063.1457524299622"><testcase classname="streamlines_2D" file="../../examples/01-filter/streamlines_2D.py" line="1" name="2D Streamlines" time="4.528997421264648"></testcase><testcase classname="subdivide" file="../../examples/01-filter/subdivide.py" line="1" name="Subdivide Cells" time="1.2144381999969482"></testcase><testcase classname="surface_reconstruction" file="../../examples/01-filter/surface_reconstruction.py" line="1" name="Surface Reconstruction" time="0.2616701126098633"></testcase><testcase classname="surface_smoothing" file="../../examples/01-filter/surface_smoothing.py" line="1" name="Surface Smoothing" time="1.004356861114502"></testcase><testcase classname="using_filters" file="../../examples/01-filter/using_filters.py" line="1" name="Using Common Filters" time="7.124622344970703"></testcase><testcase classname="volumetric_analysis" file="../../examples/01-filter/volumetric_analysis.py" line="1" name="Volumetric Analysis" time="5.27983832359314"></testcase><testcase classname="voxelize" file="../../examples/01-filter/voxelize.py" line="1" name="Voxelize a Surface Mesh" time="1.390634536743164"></testcase><testcase classname="warp_by_vector" file="../../examples/01-filter/warp_by_vector.py" line="1" name="Warping by Vectors" time="0.5788099765777588"></testcase><testcase classname="anti_aliasing" file="../../examples/02-plot/anti_aliasing.py" line="1" name="Anti-Aliasing" time="1.1748690605163574"></testcase><testcase classname="axes_objects" file="../../examples/02-plot/axes_objects.py" line="1" name="Axes Objects" time="2.1555428504943848"></testcase><testcase classname="backface_prop" file="../../examples/02-plot/backface_prop.py" line="1" name="Setting Backface Properties" time="56.09549427032471"></testcase><testcase classname="background_image" file="../../examples/02-plot/background_image.py" line="1" name="Background Image" time="18.755809783935547"></testcase><testcase classname="blurring" file="../../examples/02-plot/blurring.py" line="1" name="Blurring" time="4.764917612075806"></testcase><testcase classname="bounds" file="../../examples/02-plot/bounds.py" line="1" name="Plotting Bounds" time="1.968984842300415"></testcase><testcase classname="chart_basics" file="../../examples/02-plot/chart_basics.py" line="1" name="Chart Basics" time="2.2339026927948"></testcase><testcase classname="chart_overlays" file="../../examples/02-plot/chart_overlays.py" line="1" name="Chart Overlays" time="3.892364740371704"></testcase><testcase classname="clear" file="../../examples/02-plot/clear.py" line="1" name="Clearing a Mesh or the Entire Plot" time="0.40409326553344727"></testcase><testcase classname="color_cycler" file="../../examples/02-plot/color_cycler.py" line="1" name="Color Cycling" time="0.8348972797393799"></testcase><testcase classname="colormap" file="../../examples/02-plot/colormap.py" line="1" name="Colormap Choices" time="9.269562005996704"></testcase><testcase classname="composite_picking" file="../../examples/02-plot/composite_picking.py" line="1" name="Composite Picking" time="5.843597888946533"></testcase><testcase classname="depth_of_field" file="../../examples/02-plot/depth_of_field.py" line="1" name="Depth of Field Plotting" time="122.79325556755066"></testcase><testcase classname="depth_peeling" file="../../examples/02-plot/depth_peeling.py" line="1" name="Depth Peeling" time="8.582676649093628"></testcase><testcase classname="distance_along_spline" file="../../examples/02-plot/distance_along_spline.py" line="1" name="Label based on Distance on Line" time="0.31969356536865234"></testcase><testcase classname="distance_measurement" file="../../examples/02-plot/distance_measurement.py" line="1" name="Measuring distance" time="0.1620321273803711"></testcase><testcase classname="edl" file="../../examples/02-plot/edl.py" line="1" name="Eye Dome Lighting" time="48.943591356277466"></testcase><testcase classname="element_picking" file="../../examples/02-plot/element_picking.py" line="1" name="Picking elements of a mesh" time="0.7885172367095947"></testcase><testcase classname="floors" file="../../examples/02-plot/floors.py" line="1" name="Plot with Floors" time="9.348483085632324"></testcase><testcase classname="ghost_cells" file="../../examples/02-plot/ghost_cells.py" line="1" name="Hide Cells with Ghosting" time="5.920085906982422"></testcase><testcase classname="gif" file="../../examples/02-plot/gif.py" line="1" name="Create a GIF Movie" time="2.2537808418273926"></testcase><testcase classname="image_depth" file="../../examples/02-plot/image_depth.py" line="1" name="Render a depth image" time="0.5861876010894775"></testcase><testcase classname="interpolate_before_map" file="../../examples/02-plot/interpolate_before_map.py" line="1" name="Interpolate Before Mapping" time="1.408785104751587"></testcase><testcase classname="legend" file="../../examples/02-plot/legend.py" line="1" name="Legends and glyphs" time="1.211271047592163"></testcase><testcase classname="lighting_mesh" file="../../examples/02-plot/lighting_mesh.py" line="1" name="Lighting Properties" time="8.83144760131836"></testcase><testcase classname="linked_views" file="../../examples/02-plot/linked_views.py" line="1" name="Linked Views in Subplots" time="2.1616830825805664"></testcase><testcase classname="lookup_table" file="../../examples/02-plot/lookup_table.py" line="1" name="Lookup Tables" time="8.009804010391235"></testcase><testcase classname="mesh_picking" file="../../examples/02-plot/mesh_picking.py" line="1" name="Picking Meshes" time="0.57645583152771"></testcase><testcase classname="movie" file="../../examples/02-plot/movie.py" line="1" name="Create a MP4 Movie" time="8.930694341659546"></testcase><testcase classname="movie_glyphs" file="../../examples/02-plot/movie_glyphs.py" line="1" name="Save a Movie Using Glyphs" time="14.27250051498413"></testcase><testcase classname="moving_cmap" file="../../examples/02-plot/moving_cmap.py" line="1" name="Create a GIF Movie of a Static Object with a Moving Colormap" time="10.111305952072144"></testcase><testcase classname="moving_isovalue" file="../../examples/02-plot/moving_isovalue.py" line="1" name="Moving Isovalue" time="24.426069021224976"></testcase><testcase classname="multi_window" file="../../examples/02-plot/multi_window.py" line="1" name="Multi-Window Plot" time="2.03143310546875"></testcase><testcase classname="opacity" file="../../examples/02-plot/opacity.py" line="1" name="Plot with Opacity" time="21.263263463974"></testcase><testcase classname="orbit" file="../../examples/02-plot/orbit.py" line="1" name="Orbiting" time="55.442349433898926"></testcase><testcase classname="pbr" file="../../examples/02-plot/pbr.py" line="1" name="Physically Based Rendering" time="111.05560874938965"></testcase><testcase classname="plot_over_circular_arc" file="../../examples/02-plot/plot_over_circular_arc.py" line="1" name="Plot Scalars Over a Circular Arc" time="0.2503786087036133"></testcase><testcase classname="plot_over_line" file="../../examples/02-plot/plot_over_line.py" line="1" name="Plot Over Line" time="1.7875404357910156"></testcase><testcase classname="point_cell_scalars" file="../../examples/02-plot/point_cell_scalars.py" line="1" name="Point Cell Scalars" time="0.6537985801696777"></testcase><testcase classname="point_clouds" file="../../examples/02-plot/point_clouds.py" line="1" name="Plotting Point Clouds" time="11.562850952148438"></testcase><testcase classname="point_labels" file="../../examples/02-plot/point_labels.py" line="1" name="Label Points" time="0.5700356960296631"></testcase><testcase classname="point_picking" file="../../examples/02-plot/point_picking.py" line="1" name="Picking points on a mesh" time="0.67832350730896"></testcase><testcase classname="points_gaussian_scale" file="../../examples/02-plot/points_gaussian_scale.py" line="1" name="Scaled Gaussian Points" time="0.4813268184661865"></testcase><testcase classname="scalar_bar" file="../../examples/02-plot/scalar_bar.py" line="1" name="Customize Scalar Bars" time="7.741236686706543"></testcase><testcase classname="screenshot" file="../../examples/02-plot/screenshot.py" line="1" name="Saving Screenshots" time="0.2731359004974365"></testcase><testcase classname="shading" file="../../examples/02-plot/shading.py" line="1" name="Types of Shading" time="1.0777499675750732"></testcase><testcase classname="sharing_scalar_bars" file="../../examples/02-plot/sharing_scalar_bars.py" line="1" name="Sharing Scalar Bars" time="0.959564208984375"></testcase><testcase classname="show_edges" file="../../examples/02-plot/show_edges.py" line="1" name="Show Edges" time="8.298505783081055"></testcase><testcase classname="silhouette" file="../../examples/02-plot/silhouette.py" line="1" name="Silhouette Highlight" time="7.300141096115112"></testcase><testcase classname="slice_orthogonal" file="../../examples/02-plot/slice_orthogonal.py" line="1" name="Orthogonal Slices" time="6.465033531188965"></testcase><testcase classname="spherical" file="../../examples/02-plot/spherical.py" line="1" name="Plot data in spherical coordinates" time="0.8562178611755371"></testcase><testcase classname="ssao" file="../../examples/02-plot/ssao.py" line="1" name="Surface Space Ambient Occlusion" time="8.258995056152344"></testcase><testcase classname="surface_point_picking" file="../../examples/02-plot/surface_point_picking.py" line="1" name="Picking a Point on the Surface of a Mesh" time="0.3318655490875244"></testcase><testcase classname="texture" file="../../examples/02-plot/texture.py" line="1" name="Applying Textures" time="9.661381006240845"></testcase><testcase classname="themes" file="../../examples/02-plot/themes.py" line="1" name="Control Global and Local Plotting Themes" time="7.663058757781982"></testcase><testcase classname="topo_map" file="../../examples/02-plot/topo_map.py" line="1" name="Topographic Map" time="10.424782037734985"></testcase><testcase classname="vector_component" file="../../examples/02-plot/vector_component.py" line="1" name="Plot Vector Component" time="1.2378134727478027"></testcase><testcase classname="vertices" file="../../examples/02-plot/vertices.py" line="1" name="Visible Vertices" time="0.7328534126281738"></testcase><testcase classname="volume_rendering" file="../../examples/02-plot/volume_rendering.py" line="1" name="Volume Rendering" time="34.62159585952759"></testcase><testcase classname="animation" file="../../examples/03-widgets/animation.py" line="1" name="Animation" time="0.15027832984924316"></testcase><testcase classname="box_widget" file="../../examples/03-widgets/box_widget.py" line="1" name="Box Widget" time="13.356367826461792"></testcase><testcase classname="checkbox_widget" file="../../examples/03-widgets/checkbox_widget.py" line="1" name="Checkbox Widget" time="0.6710808277130127"></testcase><testcase classname="clip_volume_widget" file="../../examples/03-widgets/clip_volume_widget.py" line="1" name="Clip Volume Widget" time="9.100602626800537"></testcase><testcase classname="line_widget" file="../../examples/03-widgets/line_widget.py" line="1" name="Line Widget" time="0.5567224025726318"></testcase><testcase classname="multi_slider_widget" file="../../examples/03-widgets/multi_slider_widget.py" line="1" name="Multiple Slider Widgets" time="0.20834684371948242"></testcase><testcase classname="plane_widget" file="../../examples/03-widgets/plane_widget.py" line="1" name="Plane Widget" time="10.195599555969238"></testcase><testcase classname="slider_bar_widget" file="../../examples/03-widgets/slider_bar_widget.py" line="1" name="Slider Bar Widget" time="2.8319783210754395"></testcase><testcase classname="sphere_widget" file="../../examples/03-widgets/sphere_widget.py" line="1" name="Sphere Widget" time="0.8612511157989502"></testcase><testcase classname="spline_widget" file="../../examples/03-widgets/spline_widget.py" line="1" name="Spline Widget" time="0.3586547374725342"></testcase><testcase classname="attenuation" file="../../examples/04-lights/attenuation.py" line="1" name="Attenuation" time="0.8425259590148926"></testcase><testcase classname="beam_shape" file="../../examples/04-lights/beam_shape.py" line="1" name="Beam Shape" time="1.2038366794586182"></testcase><testcase classname="light_actors" file="../../examples/04-lights/light_actors.py" line="1" name="Light Actors" time="0.9659910202026367"></testcase><testcase classname="light_types" file="../../examples/04-lights/light_types.py" line="1" name="Light Types" time="1.802527904510498"></testcase><testcase classname="mesh_lighting" file="../../examples/04-lights/mesh_lighting.py" line="1" name="Disabling Mesh Lighting" time="1.5164523124694824"></testcase><testcase classname="plotter_lighting" file="../../examples/04-lights/plotter_lighting.py" line="1" name="Plotter Lighting Systems" time="5.9922778606414795"></testcase><testcase classname="shadows" file="../../examples/04-lights/shadows.py" line="1" name="Shadows" time="6.4669671058654785"></testcase><testcase classname="project_points_tessellate" file="../../examples/98-common/project_points_tessellate.py" line="1" name="Project points to a plane and Tessellate" time="0.3203577995300293"></testcase><testcase classname="add_example" file="../../examples/99-advanced/add_example.py" line="1" name="Adding a New Gallery Example" time="2.376551389694214"></testcase><testcase classname="anatomical_groups" file="../../examples/99-advanced/anatomical_groups.py" line="1" name="Visualize Anatomical Groups" time="13.684180736541748"></testcase><testcase classname="antarctica" file="../../examples/99-advanced/antarctica.py" line="1" name="Compare Field Across Mesh Regions" time="30.504055976867676"></testcase><testcase classname="atomic_orbitals" file="../../examples/99-advanced/atomic_orbitals.py" line="1" name="Plot Atomic Orbitals" time="15.55702257156372"></testcase><testcase classname="customize_trame_toolbar" file="../../examples/99-advanced/customize_trame_toolbar.py" line="1" name="Customize Trame toolbar" time="0.19574809074401855"></testcase><testcase classname="extending_pyvista" file="../../examples/99-advanced/extending_pyvista.py" line="1" name="Extending PyVista" time="0.12207961082458496"></testcase><testcase classname="fea_hertzian_contact_pressure" file="../../examples/99-advanced/fea_hertzian_contact_pressure.py" line="1" name="Visualize Hertzian Contact Stress" time="3.270010232925415"></testcase><testcase classname="magnetic_fields" file="../../examples/99-advanced/magnetic_fields.py" line="1" name="Plot a Magnetic Field" time="11.493400573730469"></testcase><testcase classname="mesh_validation" file="../../examples/99-advanced/mesh_validation.py" line="1" name="Mesh Validation" time="2.0481173992156982"></testcase><testcase classname="openfoam" file="../../examples/99-advanced/openfoam.py" line="1" name="Plot OpenFOAM data" time="0.8471958637237549"></testcase><testcase classname="openfoam_cooling" file="../../examples/99-advanced/openfoam_cooling.py" line="1" name="Electronics Cooling CFD" time="27.858035802841187"></testcase><testcase classname="openfoam_tubes" file="../../examples/99-advanced/openfoam_tubes.py" line="1" name="Plot CFD Data" time="11.49798583984375"></testcase><testcase classname="planets" file="../../examples/99-advanced/planets.py" line="1" name="3D Earth and Celestial Bodies" time="87.47393584251404"></testcase><testcase classname="plotting_algorithms" file="../../examples/99-advanced/plotting_algorithms.py" line="1" name="Plotting with VTK Algorithms" time="4.341672420501709"></testcase><testcase classname="pump_bracket" file="../../examples/99-advanced/pump_bracket.py" line="1" name="Visualize Modal Analysis of a Pump Bracket" time="17.727662324905396"></testcase><testcase classname="ray_trace_moeller" file="../../examples/99-advanced/ray_trace_moeller.py" line="1" name="Visualize the Moeller-Trumbore Algorithm" time="0.2290208339691162"></testcase><testcase classname="sphere_eversion" file="../../examples/99-advanced/sphere_eversion.py" line="1" name="Turning the sphere inside out" time="44.160550117492676"></testcase><testcase classname="warp_by_vector_eigenmodes" file="../../examples/99-advanced/warp_by_vector_eigenmodes.py" line="1" name="Display Eigenmodes of Vibration" time="12.260143518447876"></testcase></testsuite>