<?xml version="1.0" encoding="utf-8"?><testsuite errors="0" failures="0" name="sphinx-gallery" skipped="0" tests="191" time="1380.1617786884308"><testcase classname="create_circular_arc" file="../../examples/00-load/create_circular_arc.py" line="1" name="Create Circular Arcs" time="1.7548344135284424"></testcase><testcase classname="create_draped_surface" file="../../examples/00-load/create_draped_surface.py" line="1" name="Drape 2D Surface From Line" time="39.8861870765686"></testcase><testcase classname="create_explicit_structured_grid" file="../../examples/00-load/create_explicit_structured_grid.py" line="1" name="Creating an Explicit Structured Grid" time="0.5270013809204102"></testcase><testcase classname="create_geometric_objects" file="../../examples/00-load/create_geometric_objects.py" line="1" name="Geometric Objects" time="0.44580960273742676"></testcase><testcase classname="create_kochanek_spline" file="../../examples/00-load/create_kochanek_spline.py" line="1" name="Create a Kochanek Spline" time="0.6072278022766113"></testcase><testcase classname="create_multiple_lines" file="../../examples/00-load/create_multiple_lines.py" line="1" name="Create Connected Lines from Points" time="0.16895842552185059"></testcase><testcase classname="create_parametric_geometric_objects" file="../../examples/00-load/create_parametric_geometric_objects.py" line="1" name="Parametric Geometric Objects" time="6.599755048751831"></testcase><testcase classname="create_pixel_art" file="../../examples/00-load/create_pixel_art.py" line="1" name="Pixel Art of ALIEN MONSTERS" time="6.207926988601685"></testcase><testcase classname="create_platonic_solids" file="../../examples/00-load/create_platonic_solids.py" line="1" name="Platonic Solids" time="1.222702980041504"></testcase><testcase classname="create_point_cloud" file="../../examples/00-load/create_point_cloud.py" line="1" name="Create Point Cloud" time="6.19837212562561"></testcase><testcase classname="create_pointset" file="../../examples/00-load/create_pointset.py" line="1" name="Create a PointSet" time="9.072783708572388"></testcase><testcase classname="create_poly" file="../../examples/00-load/create_poly.py" line="1" name="Create PolyData" time="0.467132568359375"></testcase><testcase classname="create_polydata_strips" file="../../examples/00-load/create_polydata_strips.py" line="1" name="Triangle Strips" time="0.19028997421264648"></testcase><testcase classname="create_polyhedron" file="../../examples/00-load/create_polyhedron.py" line="1" name="Unstructured Grid with Polyhedra" time="0.18464899063110352"></testcase><testcase classname="create_sphere" file="../../examples/00-load/create_sphere.py" line="1" name="Create Sphere Mesh Multiple Ways" time="1.056035041809082"></testcase><testcase classname="create_spline" file="../../examples/00-load/create_spline.py" line="1" name="Creating a Spline" time="2.337343215942383"></testcase><testcase classname="create_structured_surface" file="../../examples/00-load/create_structured_surface.py" line="1" name="Creating a Structured Surface" time="1.4656319618225098"></testcase><testcase classname="create_text_3d" file="../../examples/00-load/create_text_3d.py" line="1" name="Create 3D Text" time="0.17007088661193848"></testcase><testcase classname="create_tri_surface" file="../../examples/00-load/create_tri_surface.py" line="1" name="Create Triangulated Surface" time="1.0127971172332764"></testcase><testcase classname="create_truss" file="../../examples/00-load/create_truss.py" line="1" name="Plot Truss-like FEA Solution with Cylinders" time="0.2892951965332031"></testcase><testcase classname="create_uniform_grid" file="../../examples/00-load/create_uniform_grid.py" line="1" name="Creating a Uniform Grid" time="0.7502627372741699"></testcase><testcase classname="create_unstructured_surface" file="../../examples/00-load/create_unstructured_surface.py" line="1" name="Creating an Unstructured Grid" time="1.1040635108947754"></testcase><testcase classname="linear_cells" file="../../examples/00-load/linear_cells.py" line="1" name="Linear Cells" time="5.178942441940308"></testcase><testcase classname="load_gltf" file="../../examples/00-load/load_gltf.py" line="1" name="Working with glTF Files" time="5.568379163742065"></testcase><testcase classname="load_vrml" file="../../examples/00-load/load_vrml.py" line="1" name="Working with VRML Files" time="0.9569997787475586"></testcase><testcase classname="read_dolfin" file="../../examples/00-load/read_dolfin.py" line="1" name="Read FEniCS/Dolfin Meshes" time="0.7111763954162598"></testcase><testcase classname="read_file" file="../../examples/00-load/read_file.py" line="1" name="Load and Plot from a File" time="5.825208902359009"></testcase><testcase classname="read_image" file="../../examples/00-load/read_image.py" line="1" name="Read Image Files" time="3.3159470558166504"></testcase><testcase classname="read_parallel" file="../../examples/00-load/read_parallel.py" line="1" name="Parallel Files" time="1.532649040222168"></testcase><testcase classname="reader" file="../../examples/00-load/reader.py" line="1" name="Load data using a Reader" time="5.898426294326782"></testcase><testcase classname="terrain_following_mesh" file="../../examples/00-load/terrain_following_mesh.py" line="1" name="Terrain Following Mesh" time="1.8848485946655273"></testcase><testcase classname="wrap_trimesh" file="../../examples/00-load/wrap_trimesh.py" line="1" name="Wrapping Other Objects" time="0.6768460273742676"></testcase><testcase classname="boolean_operations" file="../../examples/01-filter/boolean_operations.py" line="1" name="Boolean Operations" time="5.896668910980225"></testcase><testcase classname="cell_centers" file="../../examples/01-filter/cell_centers.py" line="1" name="Extract Cell Centers" time="1.742278814315796"></testcase><testcase classname="clip_closed_surface" file="../../examples/01-filter/clip_closed_surface.py" line="1" name="Clip and Cap a Closed Surface" time="2.3877737522125244"></testcase><testcase classname="clip_with_plane_box" file="../../examples/01-filter/clip_with_plane_box.py" line="1" name="Clipping with Planes &amp; Boxes" time="1.8454179763793945"></testcase><testcase classname="clip_with_surface" file="../../examples/01-filter/clip_with_surface.py" line="1" name="Clipping with a Surface" time="24.034242153167725"></testcase><testcase classname="collision" file="../../examples/01-filter/collision.py" line="1" name="Collision" time="3.0566751956939697"></testcase><testcase classname="compare_threshold_filters" file="../../examples/01-filter/compare_threshold_filters.py" line="1" name="Compare threshold filters" time="6.753887414932251"></testcase><testcase classname="compute_normals" file="../../examples/01-filter/compute_normals.py" line="1" name="Computing Surface Normals" time="43.47116994857788"></testcase><testcase classname="connectivity" file="../../examples/01-filter/connectivity.py" line="1" name="Connectivity" time="9.608779191970825"></testcase><testcase classname="contouring" file="../../examples/01-filter/contouring.py" line="1" name="Contouring" time="19.9152672290802"></testcase><testcase classname="convex_hull" file="../../examples/01-filter/convex_hull.py" line="1" name="Wrap a Point Cloud in a Convex Hull" time="1.342270851135254"></testcase><testcase classname="crop_labeled" file="../../examples/01-filter/crop_labeled.py" line="1" name="Crop Labeled ImageData" time="6.572232961654663"></testcase><testcase classname="decimate" file="../../examples/01-filter/decimate.py" line="1" name="Decimation" time="1.7995367050170898"></testcase><testcase classname="distance_between_surfaces" file="../../examples/01-filter/distance_between_surfaces.py" line="1" name="Distance Between Two Surfaces" time="3.146912097930908"></testcase><testcase classname="extract_cells_inside_surface" file="../../examples/01-filter/extract_cells_inside_surface.py" line="1" name="Extract Cells Inside Surface" time="0.9561059474945068"></testcase><testcase classname="extract_edges" file="../../examples/01-filter/extract_edges.py" line="1" name="Extract Edges" time="2.367427349090576"></testcase><testcase classname="extract_surface" file="../../examples/01-filter/extract_surface.py" line="1" name="Extract Surface" time="0.7258453369140625"></testcase><testcase classname="extrude_rotate" file="../../examples/01-filter/extrude_rotate.py" line="1" name="Extrude Rotation" time="0.4715707302093506"></testcase><testcase classname="extrude_trim" file="../../examples/01-filter/extrude_trim.py" line="1" name="Extrude Trim" time="0.990729808807373"></testcase><testcase classname="farthest_point_sampling" file="../../examples/01-filter/farthest_point_sampling.py" line="1" name="Farthest Point Sampling" time="31.95847749710083"></testcase><testcase classname="fill_holes" file="../../examples/01-filter/fill_holes.py" line="1" name="Repair a Surface with fill_holes" time="0.7448887825012207"></testcase><testcase classname="gaussian_smoothing" file="../../examples/01-filter/gaussian_smoothing.py" line="1" name="Gaussian Smoothing" time="12.018048524856567"></testcase><testcase classname="geodesic" file="../../examples/01-filter/geodesic.py" line="1" name="Geodesic Paths" time="10.766552686691284"></testcase><testcase classname="glyph" file="../../examples/01-filter/glyph.py" line="1" name="Plotting Glyphs (Vectors or PolyData)" time="10.81688404083252"></testcase><testcase classname="glyph_table" file="../../examples/01-filter/glyph_table.py" line="1" name="Table of Glyphs" time="3.21529221534729"></testcase><testcase classname="gradients" file="../../examples/01-filter/gradients.py" line="1" name="Compute Gradients of a Field" time="3.144651174545288"></testcase><testcase classname="icp_registration" file="../../examples/01-filter/icp_registration.py" line="1" name="Register a Surface with ICP" time="2.5163075923919678"></testcase><testcase classname="image_fft" file="../../examples/01-filter/image_fft.py" line="1" name="Fast Fourier Transform" time="11.564446926116943"></testcase><testcase classname="image_fft_perlin_noise" file="../../examples/01-filter/image_fft_perlin_noise.py" line="1" name="Fast Fourier Transform with Perlin Noise" time="30.47229027748108"></testcase><testcase classname="image_representations" file="../../examples/01-filter/image_representations.py" line="1" name="Image Data Representations" time="2.1022112369537354"></testcase><testcase classname="integrate_data" file="../../examples/01-filter/integrate_data.py" line="1" name="Integrate Data" time="0.4876995086669922"></testcase><testcase classname="interpolate" file="../../examples/01-filter/interpolate.py" line="1" name="Detailed Interpolating Points" time="6.324073553085327"></testcase><testcase classname="interpolate_sample" file="../../examples/01-filter/interpolate_sample.py" line="1" name="Compare interpolation/sampling methods" time="1.7130541801452637"></testcase><testcase classname="marching_cubes" file="../../examples/01-filter/marching_cubes.py" line="1" name="Marching Cubes" time="7.034745931625366"></testcase><testcase classname="mesh_quality" file="../../examples/01-filter/mesh_quality.py" line="1" name="Computing Mesh Quality" time="1.1789705753326416"></testcase><testcase classname="perlin_noise_2d" file="../../examples/01-filter/perlin_noise_2d.py" line="1" name="Sample Function: Perlin Noise in 2D" time="5.366492748260498"></testcase><testcase classname="perlin_noise_3d" file="../../examples/01-filter/perlin_noise_3d.py" line="1" name="Sample Function: Perlin Noise in 3D" time="0.5499827861785889"></testcase><testcase classname="point_cloud_distance" file="../../examples/01-filter/point_cloud_distance.py" line="1" name="Measure Distance Between Point Clouds" time="0.3375096321105957"></testcase><testcase classname="point_cloud_orientation" file="../../examples/01-filter/point_cloud_orientation.py" line="1" name="Analyze the Orientation of a Point Cloud" time="0.4826087951660156"></testcase><testcase classname="project_plane" file="../../examples/01-filter/project_plane.py" line="1" name="Project to a Plane" time="0.9901218414306641"></testcase><testcase classname="ray_trace" file="../../examples/01-filter/ray_trace.py" line="1" name="Ray Tracing" time="0.3044779300689697"></testcase><testcase classname="reflect" file="../../examples/01-filter/reflect.py" line="1" name="Reflect Meshes" time="0.1974775791168213"></testcase><testcase classname="resampling" file="../../examples/01-filter/resampling.py" line="1" name="Detailed Resampling" time="5.438522577285767"></testcase><testcase classname="rotate" file="../../examples/01-filter/rotate.py" line="1" name="Rotations" time="1.7119195461273193"></testcase><testcase classname="slice" file="../../examples/01-filter/slice.py" line="1" name="Slicing" time="25.445201873779297"></testcase><testcase classname="streamlines" file="../../examples/01-filter/streamlines.py" line="1" name="Streamlines" time="16.453672409057617"></testcase><testcase classname="streamlines_2D" file="../../examples/01-filter/streamlines_2D.py" line="1" name="2D Streamlines" time="3.7370853424072266"></testcase><testcase classname="subdivide" file="../../examples/01-filter/subdivide.py" line="1" name="Subdivide Cells" time="1.438690423965454"></testcase><testcase classname="surface_reconstruction" file="../../examples/01-filter/surface_reconstruction.py" line="1" name="Surface Reconstruction" time="0.24880480766296387"></testcase><testcase classname="surface_smoothing" file="../../examples/01-filter/surface_smoothing.py" line="1" name="Surface Smoothing" time="1.08878493309021"></testcase><testcase classname="using_filters" file="../../examples/01-filter/using_filters.py" line="1" name="Using Common Filters" time="8.41702151298523"></testcase><testcase classname="volumetric_analysis" file="../../examples/01-filter/volumetric_analysis.py" line="1" name="Volumetric Analysis" time="5.668805360794067"></testcase><testcase classname="voxelize" file="../../examples/01-filter/voxelize.py" line="1" name="Voxelize a Surface Mesh" time="1.4568328857421875"></testcase><testcase classname="warp_by_vector" file="../../examples/01-filter/warp_by_vector.py" line="1" name="Warping by Vectors" time="0.6387836933135986"></testcase><testcase classname="anti_aliasing" file="../../examples/02-plot/anti_aliasing.py" line="1" name="Anti-Aliasing" time="1.22792649269104"></testcase><testcase classname="axes_objects" file="../../examples/02-plot/axes_objects.py" line="1" name="Axes Objects" time="2.4105453491210938"></testcase><testcase classname="backface_prop" file="../../examples/02-plot/backface_prop.py" line="1" name="Setting Backface Properties" time="47.886688470840454"></testcase><testcase classname="background_image" file="../../examples/02-plot/background_image.py" line="1" name="Background Image" time="22.34093451499939"></testcase><testcase classname="blurring" file="../../examples/02-plot/blurring.py" line="1" name="Blurring" time="4.466348648071289"></testcase><testcase classname="bounds" file="../../examples/02-plot/bounds.py" line="1" name="Plotting Bounds" time="1.929964303970337"></testcase><testcase classname="chart_basics" file="../../examples/02-plot/chart_basics.py" line="1" name="Chart Basics" time="2.487779378890991"></testcase><testcase classname="chart_overlays" file="../../examples/02-plot/chart_overlays.py" line="1" name="Chart Overlays" time="4.539411306381226"></testcase><testcase classname="chemistry_molecule" file="../../examples/02-plot/chemistry_molecule.py" line="1" name="Build a Ball-and-Stick Molecule" time="0.4267721176147461"></testcase><testcase classname="clear" file="../../examples/02-plot/clear.py" line="1" name="Clearing a Mesh or the Entire Plot" time="0.43906617164611816"></testcase><testcase classname="color_cycler" file="../../examples/02-plot/color_cycler.py" line="1" name="Color Cycling" time="0.9339292049407959"></testcase><testcase classname="color_lines" file="../../examples/02-plot/color_lines.py" line="1" name="Color Several Lines" time="0.20326471328735352"></testcase><testcase classname="colormap" file="../../examples/02-plot/colormap.py" line="1" name="Colormap Choices" time="11.656479120254517"></testcase><testcase classname="composite_picking" file="../../examples/02-plot/composite_picking.py" line="1" name="Composite Picking" time="6.765500545501709"></testcase><testcase classname="depth_of_field" file="../../examples/02-plot/depth_of_field.py" line="1" name="Depth of Field Plotting" time="111.3107979297638"></testcase><testcase classname="depth_peeling" file="../../examples/02-plot/depth_peeling.py" line="1" name="Depth Peeling" time="9.107025146484375"></testcase><testcase classname="distance_along_spline" file="../../examples/02-plot/distance_along_spline.py" line="1" name="Label based on Distance on Line" time="0.34583497047424316"></testcase><testcase classname="distance_measurement" file="../../examples/02-plot/distance_measurement.py" line="1" name="Measuring distance" time="0.18159890174865723"></testcase><testcase classname="edl" file="../../examples/02-plot/edl.py" line="1" name="Eye Dome Lighting" time="38.525832414627075"></testcase><testcase classname="element_picking" file="../../examples/02-plot/element_picking.py" line="1" name="Picking elements of a mesh" time="0.81894850730896"></testcase><testcase classname="flight_paths" file="../../examples/02-plot/flight_paths.py" line="1" name="Plot Curved Flight Paths on a Globe" time="0.38678622245788574"></testcase><testcase classname="floors" file="../../examples/02-plot/floors.py" line="1" name="Plot with Floors" time="9.716301202774048"></testcase><testcase classname="ghost_cells" file="../../examples/02-plot/ghost_cells.py" line="1" name="Hide Cells with Ghosting" time="6.354025363922119"></testcase><testcase classname="gif" file="../../examples/02-plot/gif.py" line="1" name="Create a GIF Movie" time="2.212073802947998"></testcase><testcase classname="graph_network" file="../../examples/02-plot/graph_network.py" line="1" name="Plot a 3D Graph Network" time="0.20003032684326172"></testcase><testcase classname="image_depth" file="../../examples/02-plot/image_depth.py" line="1" name="Render a depth image" time="0.6104638576507568"></testcase><testcase classname="interpolate_before_map" file="../../examples/02-plot/interpolate_before_map.py" line="1" name="Interpolate Before Mapping" time="1.514190912246704"></testcase><testcase classname="legend" file="../../examples/02-plot/legend.py" line="1" name="Legends and glyphs" time="1.3277876377105713"></testcase><testcase classname="lighting_mesh" file="../../examples/02-plot/lighting_mesh.py" line="1" name="Lighting Properties" time="10.188394784927368"></testcase><testcase classname="linked_views" file="../../examples/02-plot/linked_views.py" line="1" name="Linked Views in Subplots" time="2.2574946880340576"></testcase><testcase classname="lookup_table" file="../../examples/02-plot/lookup_table.py" line="1" name="Lookup Tables" time="7.692075967788696"></testcase><testcase classname="lorenz_attractor" file="../../examples/02-plot/lorenz_attractor.py" line="1" name="Plot a Lorenz Attractor" time="2.7150163650512695"></testcase><testcase classname="maximum_intensity_projection" file="../../examples/02-plot/maximum_intensity_projection.py" line="1" name="Maximum Intensity Projection" time="3.2073166370391846"></testcase><testcase classname="mesh_picking" file="../../examples/02-plot/mesh_picking.py" line="1" name="Picking Meshes" time="0.6173679828643799"></testcase><testcase classname="movie" file="../../examples/02-plot/movie.py" line="1" name="Create a MP4 Movie" time="8.776238918304443"></testcase><testcase classname="movie_glyphs" file="../../examples/02-plot/movie_glyphs.py" line="1" name="Save a Movie Using Glyphs" time="11.206482172012329"></testcase><testcase classname="moving_cmap" file="../../examples/02-plot/moving_cmap.py" line="1" name="Create a GIF Movie of a Static Object with a Moving Colormap" time="6.245283603668213"></testcase><testcase classname="moving_isovalue" file="../../examples/02-plot/moving_isovalue.py" line="1" name="Moving Isovalue" time="15.946195602416992"></testcase><testcase classname="multi_window" file="../../examples/02-plot/multi_window.py" line="1" name="Multi-Window Plot" time="2.228649854660034"></testcase><testcase classname="opacity" file="../../examples/02-plot/opacity.py" line="1" name="Plot with Opacity" time="24.174699783325195"></testcase><testcase classname="orbit" file="../../examples/02-plot/orbit.py" line="1" name="Orbiting" time="34.19181776046753"></testcase><testcase classname="pbr" file="../../examples/02-plot/pbr.py" line="1" name="Physically Based Rendering" time="88.22951602935791"></testcase><testcase classname="plot_over_circular_arc" file="../../examples/02-plot/plot_over_circular_arc.py" line="1" name="Plot Scalars Over a Circular Arc" time="0.275249719619751"></testcase><testcase classname="plot_over_line" file="../../examples/02-plot/plot_over_line.py" line="1" name="Plot Over Line" time="2.0617892742156982"></testcase><testcase classname="point_cell_scalars" file="../../examples/02-plot/point_cell_scalars.py" line="1" name="Point Cell Scalars" time="0.6931161880493164"></testcase><testcase classname="point_cloud_neighbors" file="../../examples/02-plot/point_cloud_neighbors.py" line="1" name="Highlight Nearest Neighbors in a Point Cloud" time="0.8022007942199707"></testcase><testcase classname="point_clouds" file="../../examples/02-plot/point_clouds.py" line="1" name="Plotting Point Clouds" time="11.04189419746399"></testcase><testcase classname="point_labels" file="../../examples/02-plot/point_labels.py" line="1" name="Label Points" time="0.6238903999328613"></testcase><testcase classname="point_picking" file="../../examples/02-plot/point_picking.py" line="1" name="Picking points on a mesh" time="0.7363038063049316"></testcase><testcase classname="point_sprites" file="../../examples/02-plot/point_sprites.py" line="1" name="Point Sprite Shapes" time="1.028404951095581"></testcase><testcase classname="points_gaussian_scale" file="../../examples/02-plot/points_gaussian_scale.py" line="1" name="Scaled Gaussian Points" time="0.5423939228057861"></testcase><testcase classname="scalar_bar" file="../../examples/02-plot/scalar_bar.py" line="1" name="Customize Scalar Bars" time="9.111930131912231"></testcase><testcase classname="screenshot" file="../../examples/02-plot/screenshot.py" line="1" name="Saving Screenshots" time="0.305253267288208"></testcase><testcase classname="shading" file="../../examples/02-plot/shading.py" line="1" name="Types of Shading" time="1.1598188877105713"></testcase><testcase classname="sharing_scalar_bars" file="../../examples/02-plot/sharing_scalar_bars.py" line="1" name="Sharing Scalar Bars" time="1.0842037200927734"></testcase><testcase classname="show_edges" file="../../examples/02-plot/show_edges.py" line="1" name="Show Edges" time="2.248310089111328"></testcase><testcase classname="silhouette" file="../../examples/02-plot/silhouette.py" line="1" name="Silhouette Highlight" time="8.550470113754272"></testcase><testcase classname="slice_orthogonal" file="../../examples/02-plot/slice_orthogonal.py" line="1" name="Orthogonal Slices" time="7.572336196899414"></testcase><testcase classname="spherical" file="../../examples/02-plot/spherical.py" line="1" name="Plot data in spherical coordinates" time="0.9627020359039307"></testcase><testcase classname="ssao" file="../../examples/02-plot/ssao.py" line="1" name="Surface Space Ambient Occlusion" time="7.699426174163818"></testcase><testcase classname="surface_point_picking" file="../../examples/02-plot/surface_point_picking.py" line="1" name="Picking a Point on the Surface of a Mesh" time="0.36576151847839355"></testcase><testcase classname="texture" file="../../examples/02-plot/texture.py" line="1" name="Applying Textures" time="11.30937385559082"></testcase><testcase classname="themes" file="../../examples/02-plot/themes.py" line="1" name="Control Global and Local Plotting Themes" time="8.957627296447754"></testcase><testcase classname="topo_map" file="../../examples/02-plot/topo_map.py" line="1" name="Topographic Map" time="11.528196334838867"></testcase><testcase classname="vector_component" file="../../examples/02-plot/vector_component.py" line="1" name="Plot Vector Component" time="1.2303581237792969"></testcase><testcase classname="vertices" file="../../examples/02-plot/vertices.py" line="1" name="Visible Vertices" time="0.8150675296783447"></testcase><testcase classname="volume_rendering" file="../../examples/02-plot/volume_rendering.py" line="1" name="Volume Rendering" time="32.301817417144775"></testcase><testcase classname="animation" file="../../examples/03-widgets/animation.py" line="1" name="Animation" time="0.1597898006439209"></testcase><testcase classname="box_widget" file="../../examples/03-widgets/box_widget.py" line="1" name="Box Widget" time="1.9322102069854736"></testcase><testcase classname="checkbox_widget" file="../../examples/03-widgets/checkbox_widget.py" line="1" name="Checkbox Widget" time="0.8071448802947998"></testcase><testcase classname="clip_volume_widget" file="../../examples/03-widgets/clip_volume_widget.py" line="1" name="Clip Volume Widget" time="8.9936842918396"></testcase><testcase classname="line_widget" file="../../examples/03-widgets/line_widget.py" line="1" name="Line Widget" time="0.5714662075042725"></testcase><testcase classname="multi_slider_widget" file="../../examples/03-widgets/multi_slider_widget.py" line="1" name="Multiple Slider Widgets" time="0.2144320011138916"></testcase><testcase classname="plane_widget" file="../../examples/03-widgets/plane_widget.py" line="1" name="Plane Widget" time="10.071362257003784"></testcase><testcase classname="slider_bar_widget" file="../../examples/03-widgets/slider_bar_widget.py" line="1" name="Slider Bar Widget" time="2.9391589164733887"></testcase><testcase classname="sphere_widget" file="../../examples/03-widgets/sphere_widget.py" line="1" name="Sphere Widget" time="0.8953847885131836"></testcase><testcase classname="spline_widget" file="../../examples/03-widgets/spline_widget.py" line="1" name="Spline Widget" time="0.3597867488861084"></testcase><testcase classname="attenuation" file="../../examples/04-lights/attenuation.py" line="1" name="Attenuation" time="0.953336238861084"></testcase><testcase classname="beam_shape" file="../../examples/04-lights/beam_shape.py" line="1" name="Beam Shape" time="1.3348724842071533"></testcase><testcase classname="light_actors" file="../../examples/04-lights/light_actors.py" line="1" name="Light Actors" time="1.0403027534484863"></testcase><testcase classname="light_types" file="../../examples/04-lights/light_types.py" line="1" name="Light Types" time="1.942063570022583"></testcase><testcase classname="mesh_lighting" file="../../examples/04-lights/mesh_lighting.py" line="1" name="Disabling Mesh Lighting" time="1.3478128910064697"></testcase><testcase classname="plotter_lighting" file="../../examples/04-lights/plotter_lighting.py" line="1" name="Plotter Lighting Systems" time="6.219964027404785"></testcase><testcase classname="shadows" file="../../examples/04-lights/shadows.py" line="1" name="Shadows" time="6.637818336486816"></testcase><testcase classname="dataframe_export" file="../../examples/98-common/dataframe_export.py" line="1" name="Export Mesh Data to a DataFrame" time="0.2867586612701416"></testcase><testcase classname="project_points_tessellate" file="../../examples/98-common/project_points_tessellate.py" line="1" name="Project points to a plane and Tessellate" time="0.34095239639282227"></testcase><testcase classname="add_example" file="../../examples/99-advanced/add_example.py" line="1" name="Adding a New Gallery Example" time="2.4337453842163086"></testcase><testcase classname="anatomical_groups" file="../../examples/99-advanced/anatomical_groups.py" line="1" name="Visualize Anatomical Groups" time="11.973658084869385"></testcase><testcase classname="antarctica" file="../../examples/99-advanced/antarctica.py" line="1" name="Compare Field Across Mesh Regions" time="27.12639331817627"></testcase><testcase classname="atomic_orbitals" file="../../examples/99-advanced/atomic_orbitals.py" line="1" name="Plot Atomic Orbitals" time="14.224217891693115"></testcase><testcase classname="customize_trame_toolbar" file="../../examples/99-advanced/customize_trame_toolbar.py" line="1" name="Customize Trame toolbar" time="0.21748781204223633"></testcase><testcase classname="extending_pyvista" file="../../examples/99-advanced/extending_pyvista.py" line="1" name="Extending PyVista" time="0.12138628959655762"></testcase><testcase classname="fea_hertzian_contact_pressure" file="../../examples/99-advanced/fea_hertzian_contact_pressure.py" line="1" name="Visualize Hertzian Contact Stress" time="2.9095098972320557"></testcase><testcase classname="gyroid" file="../../examples/99-advanced/gyroid.py" line="1" name="Plot a Gyroid Surface" time="0.33040904998779297"></testcase><testcase classname="magnetic_fields" file="../../examples/99-advanced/magnetic_fields.py" line="1" name="Plot a Magnetic Field" time="10.634010314941406"></testcase><testcase classname="mesh_validation" file="../../examples/99-advanced/mesh_validation.py" line="1" name="Mesh Validation" time="2.1665120124816895"></testcase><testcase classname="openfoam" file="../../examples/99-advanced/openfoam.py" line="1" name="Plot OpenFOAM data" time="0.9848010540008545"></testcase><testcase classname="openfoam_cooling" file="../../examples/99-advanced/openfoam_cooling.py" line="1" name="Electronics Cooling CFD" time="25.682916402816772"></testcase><testcase classname="openfoam_tubes" file="../../examples/99-advanced/openfoam_tubes.py" line="1" name="Plot CFD Data" time="11.10648512840271"></testcase><testcase classname="planets" file="../../examples/99-advanced/planets.py" line="1" name="3D Earth and Celestial Bodies" time="78.07165932655334"></testcase><testcase classname="plotting_algorithms" file="../../examples/99-advanced/plotting_algorithms.py" line="1" name="Plotting with VTK Algorithms" time="3.8930516242980957"></testcase><testcase classname="pump_bracket" file="../../examples/99-advanced/pump_bracket.py" line="1" name="Visualize Modal Analysis of a Pump Bracket" time="14.233471393585205"></testcase><testcase classname="ray_trace_moeller" file="../../examples/99-advanced/ray_trace_moeller.py" line="1" name="Visualize the Moeller-Trumbore Algorithm" time="0.24853062629699707"></testcase><testcase classname="sphere_eversion" file="../../examples/99-advanced/sphere_eversion.py" line="1" name="Turning the sphere inside out" time="22.74127173423767"></testcase><testcase classname="warp_by_vector_eigenmodes" file="../../examples/99-advanced/warp_by_vector_eigenmodes.py" line="1" name="Display Eigenmodes of Vibration" time="6.6184680461883545"></testcase></testsuite>